<?xml version="1.0" encoding="UTF-8" standalone="no"?><testsuite errors="0" failures="0" name="ButtonIconSepulsa" skipped="0" tests="7" time="0.13" timestamp="2023-09-23 12:12:18"><testcase name="As a user i have to able to navigate to credit page"/><testcase name="As a user i have to able to navigate to voucher page"/><testcase name="As a user i have to able to navigate to PLN electricity page"/><testcase name="As a user i have to able to navigate to  data package page"/><testcase name="As a user i have to able to navigate to PDAM page"/><testcase name="As a user i have to able to navigate to  Electronic Money page"/><testcase name="As a user i have to able to navigate to other page"/></testsuite>