<?xml version="1.0" encoding="UTF-8"?>
<testsuite xmlns:xsi="http://www.w3.org/2001/XMLSchema-instance" xsi:noNamespaceSchemaLocation="https://maven.apache.org/surefire/maven-failsafe-plugin/xsd/failsafe-test-report-3.0.xsd" version="3.0" name="starter.CucumberTestSuite" time="6.625" tests="13" errors="0" skipped="0" failures="0">
  <properties>
[...]
</properties>
  <testcase name="As a user i have to able to navigate to article page" classname="ButtonIconLinkedin" time="0.544">
    <system-out><![CDATA[00:12:17.843 [main] DEBUG net.thucydides.core.guice.Injectors - Created injector for module net.thucydides.core.guice.ThucydidesModule
00:12:18.033 [main] INFO io.cucumber.core.plugin.SerenityReporter - Running feature from file:///D:/MBKM/Materi/BehaviourDrivenDevelopment/src/test/resources/features/ButtonIcon.feature
00:12:18.160 [main] DEBUG net.thucydides.core.guice.Injectors - Created injector for module net.thucydides.core.guice.webdriver.WebDriverModule
00:12:18.170 [main] INFO  - 

-------------------------------------------------------------------------------------
     _______. _______ .______       _______ .__   __.  __  .___________.____    ____ 
    /       ||   ____||   _  \     |   ____||  \ |  | |  | |           |\   \  /   / 
   |   (----`|  |__   |  |_)  |    |  |__   |   \|  | |  | `---|  |----` \   \/   /  
    \   \    |   __|  |      /     |   __|  |  . `  | |  |     |  |       \_    _/   
.----)   |   |  |____ |  |\  \----.|  |____ |  |\   | |  |     |  |         |  |     
|_______/    |_______|| _| `._____||_______||__| \__| |__|     |__|         |__|    
                                                                                     
 News and tutorials at http://www.serenity-bdd.info                                  
 Documentation at https://wakaleo.gitbooks.io/the-serenity-book/content/             
 Join the Serenity Community on Gitter: https://gitter.im/serenity-bdd/serenity-core 
 Serenity BDD Support and Training at http://serenity-bdd.info/#/trainingandsupport  
-------------------------------------------------------------------------------------

00:12:18.173 [main] DEBUG net.thucydides.core.steps.StepEventBus - Test suite started for story net.thucydides.core.model.Story@7b81f6a
00:12:18.175 [main] INFO  - Test Suite Started: Button icon linkedin
00:12:18.188 [main] INFO io.cucumber.core.plugin.SerenityReporter - Running feature from file:///D:/MBKM/Materi/BehaviourDrivenDevelopment/src/test/resources/features/ButtonIconSepulsa.feature
00:12:18.192 [main] DEBUG net.thucydides.core.steps.StepEventBus - Test suite started for story net.thucydides.core.model.Story@ccd861a8
00:12:18.193 [main] INFO  - Test Suite Started: Button icon sepulsa
00:12:18.193 [main] INFO io.cucumber.core.plugin.SerenityReporter - Running feature from file:///D:/MBKM/Materi/BehaviourDrivenDevelopment/src/test/resources/features/LoginLinkedin.feature
00:12:18.195 [main] DEBUG net.thucydides.core.steps.StepEventBus - Test suite started for story net.thucydides.core.model.Story@c510b4e8
00:12:18.195 [main] INFO  - Test Suite Started: Loginlinkedin
00:12:18.196 [main] INFO io.cucumber.core.plugin.SerenityReporter - Running feature from file:///D:/MBKM/Materi/BehaviourDrivenDevelopment/src/test/resources/features/ButtonIcon.feature
00:12:18.198 [main] DEBUG net.thucydides.core.steps.StepEventBus - Test suite started for story net.thucydides.core.model.Story@7b81f6a
00:12:18.198 [main] INFO  - Test Suite Started: Button icon linkedin

Scenario: As a user i have to able to navigate to article page &amp#27;[90m# src/test/resources/features/ButtonIcon.feature:7&amp#27;[0m
00:12:18.268 [main] INFO io.cucumber.core.plugin.SerenityReporter - Running feature from file:///D:/MBKM/Materi/BehaviourDrivenDevelopment/src/test/resources/features/ButtonIcon.feature
00:12:18.362 [main] INFO  - 
  _____   ___   ___   _____     ___   _____     _     ___   _____   ___   ___  
 |_   _| | __| / __| |_   _|   / __| |_   _|   /_\   | _ \ |_   _| | __| |   \ 
   | |   | _|  \__ \   | |     \__ \   | |    / _ \  |   /   | |   | _|  | |) |
   |_|   |___| |___/   |_|     |___/   |_|   /_/ \_\ |_|_\   |_|   |___| |___/ 

As a user i have to able to navigate to article page(buttoniconlinkedin;as-a-user-i-have-to-able-to-navigate-to-article-page)
--------------------------------------------------------------------------------
00:12:18.725 [main] DEBUG net.thucydides.core.steps.StepInterceptor - STARTING STEP: ButtonIconSepulsaAndLinkedinSteps.clickButton - I click icon button article
I click icon button article
00:12:18.729 [main] DEBUG net.thucydides.core.steps.StepInterceptor - STEP DONE: I click icon button article
  &amp#27;[32mWhen &amp#27;[0m&amp#27;[32mI click icon button article&amp#27;[0m                             &amp#27;[90m# starter.stepdefinitions.ButtonIconSepulsaAndLinkedinSteps.clickButton()&amp#27;[0m
00:12:18.738 [main] DEBUG net.thucydides.core.steps.StepInterceptor - STARTING STEP: ButtonIconSepulsaAndLinkedinSteps.navigateArticlePage - I am to navigate article page
I am to navigate article page
00:12:18.738 [main] DEBUG net.thucydides.core.steps.StepInterceptor - STEP DONE: I am to navigate article page
  &amp#27;[32mThen &amp#27;[0m&amp#27;[32mI am to navigate article page&amp#27;[0m                           &amp#27;[90m# starter.stepdefinitions.ButtonIconSepulsaAndLinkedinSteps.navigateArticlePage()&amp#27;[0m
00:12:18.742 [main] INFO  - 
  _____   ___   ___   _____     ___     _     ___   ___   ___   ___  
 |_   _| | __| / __| |_   _|   | _ \   /_\   / __| / __| | __| |   \ 
   | |   | _|  \__ \   | |     |  _/  / _ \  \__ \ \__ \ | _|  | |) |
   |_|   |___| |___/   |_|     |_|   /_/ \_\ |___/ |___/ |___| |___/ 

As a user i have to able to navigate to article page
----------------------------------------------------------------------
]]></system-out>
  </testcase>
  <testcase name="As a user i have to able to navigate to person page" classname="ButtonIconLinkedin" time="0.025">
    <system-out><![CDATA[
Scenario: As a user i have to able to navigate to person page &amp#27;[90m# src/test/resources/features/ButtonIcon.feature:11&amp#27;[0m
00:12:18.752 [main] INFO io.cucumber.core.plugin.SerenityReporter - Running feature from file:///D:/MBKM/Materi/BehaviourDrivenDevelopment/src/test/resources/features/ButtonIcon.feature
00:12:18.754 [main] INFO  - 
  _____   ___   ___   _____     ___   _____     _     ___   _____   ___   ___  
 |_   _| | __| / __| |_   _|   / __| |_   _|   /_\   | _ \ |_   _| | __| |   \ 
   | |   | _|  \__ \   | |     \__ \   | |    / _ \  |   /   | |   | _|  | |) |
   |_|   |___| |___/   |_|     |___/   |_|   /_/ \_\ |_|_\   |_|   |___| |___/ 

As a user i have to able to navigate to person page(buttoniconlinkedin;as-a-user-i-have-to-able-to-navigate-to-person-page)
--------------------------------------------------------------------------------
00:12:18.763 [main] DEBUG net.thucydides.core.steps.StepInterceptor - STARTING STEP: ButtonIconSepulsaAndLinkedinSteps.clickButtoniconperson - I click icon button person
I click icon button person
00:12:18.763 [main] DEBUG net.thucydides.core.steps.StepInterceptor - STEP DONE: I click icon button person
  &amp#27;[32mWhen &amp#27;[0m&amp#27;[32mI click icon button person&amp#27;[0m                             &amp#27;[90m# starter.stepdefinitions.ButtonIconSepulsaAndLinkedinSteps.clickButtoniconperson()&amp#27;[0m
00:12:18.766 [main] DEBUG net.thucydides.core.steps.StepInterceptor - STARTING STEP: ButtonIconSepulsaAndLinkedinSteps.navigatePersonPage - I am to navigate person page
I am to navigate person page
00:12:18.766 [main] DEBUG net.thucydides.core.steps.StepInterceptor - STEP DONE: I am to navigate person page
  &amp#27;[32mThen &amp#27;[0m&amp#27;[32mI am to navigate person page&amp#27;[0m                           &amp#27;[90m# starter.stepdefinitions.ButtonIconSepulsaAndLinkedinSteps.navigatePersonPage()&amp#27;[0m
00:12:18.769 [main] INFO  - 
  _____   ___   ___   _____     ___     _     ___   ___   ___   ___  
 |_   _| | __| / __| |_   _|   | _ \   /_\   / __| / __| | __| |   \ 
   | |   | _|  \__ \   | |     |  _/  / _ \  \__ \ \__ \ | _|  | |) |
   |_|   |___| |___/   |_|     |_|   /_/ \_\ |___/ |___/ |___| |___/ 

As a user i have to able to navigate to person page
----------------------------------------------------------------------
]]></system-out>
  </testcase>
  <testcase name="As a user i have to able to navigate to learning page" classname="ButtonIconLinkedin" time="0.03">
    <system-out><![CDATA[
Scenario: As a user i have to able to navigate to learning page &amp#27;[90m# src/test/resources/features/ButtonIcon.feature:15&amp#27;[0m
00:12:18.776 [main] INFO io.cucumber.core.plugin.SerenityReporter - Running feature from file:///D:/MBKM/Materi/BehaviourDrivenDevelopment/src/test/resources/features/ButtonIcon.feature
00:12:18.778 [main] INFO  - 
  _____   ___   ___   _____     ___   _____     _     ___   _____   ___   ___  
 |_   _| | __| / __| |_   _|   / __| |_   _|   /_\   | _ \ |_   _| | __| |   \ 
   | |   | _|  \__ \   | |     \__ \   | |    / _ \  |   /   | |   | _|  | |) |
   |_|   |___| |___/   |_|     |___/   |_|   /_/ \_\ |_|_\   |_|   |___| |___/ 

As a user i have to able to navigate to learning page(buttoniconlinkedin;as-a-user-i-have-to-able-to-navigate-to-learning-page)
--------------------------------------------------------------------------------
00:12:18.789 [main] DEBUG net.thucydides.core.steps.StepInterceptor - STARTING STEP: ButtonIconSepulsaAndLinkedinSteps.clickButtoniconlearning - I click icon button learning
I click icon button learning
00:12:18.789 [main] DEBUG net.thucydides.core.steps.StepInterceptor - STEP DONE: I click icon button learning
  &amp#27;[32mWhen &amp#27;[0m&amp#27;[32mI click icon button learning&amp#27;[0m                             &amp#27;[90m# starter.stepdefinitions.ButtonIconSepulsaAndLinkedinSteps.clickButtoniconlearning()&amp#27;[0m
00:12:18.797 [main] DEBUG net.thucydides.core.steps.StepInterceptor - STARTING STEP: ButtonIconSepulsaAndLinkedinSteps.navigateLearningPage - I am to navigate learning page
I am to navigate learning page
00:12:18.797 [main] DEBUG net.thucydides.core.steps.StepInterceptor - STEP DONE: I am to navigate learning page
  &amp#27;[32mThen &amp#27;[0m&amp#27;[32mI am to navigate learning page&amp#27;[0m                           &amp#27;[90m# starter.stepdefinitions.ButtonIconSepulsaAndLinkedinSteps.navigateLearningPage()&amp#27;[0m
00:12:18.799 [main] INFO  - 
  _____   ___   ___   _____     ___     _     ___   ___   ___   ___  
 |_   _| | __| / __| |_   _|   | _ \   /_\   / __| / __| | __| |   \ 
   | |   | _|  \__ \   | |     |  _/  / _ \  \__ \ \__ \ | _|  | |) |
   |_|   |___| |___/   |_|     |_|   /_/ \_\ |___/ |___/ |___| |___/ 

As a user i have to able to navigate to learning page
----------------------------------------------------------------------
]]></system-out>
  </testcase>
  <testcase name="As a user i have to able to navigate to work page" classname="ButtonIconLinkedin" time="0.033">
    <system-out><![CDATA[
Scenario: As a user i have to able to navigate to work page &amp#27;[90m# src/test/resources/features/ButtonIcon.feature:19&amp#27;[0m
00:12:18.806 [main] INFO io.cucumber.core.plugin.SerenityReporter - Running feature from file:///D:/MBKM/Materi/BehaviourDrivenDevelopment/src/test/resources/features/ButtonIcon.feature
00:12:18.809 [main] INFO  - 
  _____   ___   ___   _____     ___   _____     _     ___   _____   ___   ___  
 |_   _| | __| / __| |_   _|   / __| |_   _|   /_\   | _ \ |_   _| | __| |   \ 
   | |   | _|  \__ \   | |     \__ \   | |    / _ \  |   /   | |   | _|  | |) |
   |_|   |___| |___/   |_|     |___/   |_|   /_/ \_\ |_|_\   |_|   |___| |___/ 

As a user i have to able to navigate to work page(buttoniconlinkedin;as-a-user-i-have-to-able-to-navigate-to-work-page)
--------------------------------------------------------------------------------
00:12:18.826 [main] DEBUG net.thucydides.core.steps.StepInterceptor - STARTING STEP: ButtonIconSepulsaAndLinkedinSteps.clickButtoniconwork - I click icon button work
I click icon button work
00:12:18.826 [main] DEBUG net.thucydides.core.steps.StepInterceptor - STEP DONE: I click icon button work
  &amp#27;[32mWhen &amp#27;[0m&amp#27;[32mI click icon button work&amp#27;[0m                             &amp#27;[90m# starter.stepdefinitions.ButtonIconSepulsaAndLinkedinSteps.clickButtoniconwork()&amp#27;[0m
00:12:18.830 [main] DEBUG net.thucydides.core.steps.StepInterceptor - STARTING STEP: ButtonIconSepulsaAndLinkedinSteps.navigateWorkPage - I am to navigate work page
I am to navigate work page
00:12:18.830 [main] DEBUG net.thucydides.core.steps.StepInterceptor - STEP DONE: I am to navigate work page
  &amp#27;[32mThen &amp#27;[0m&amp#27;[32mI am to navigate work page&amp#27;[0m                           &amp#27;[90m# starter.stepdefinitions.ButtonIconSepulsaAndLinkedinSteps.navigateWorkPage()&amp#27;[0m
00:12:18.832 [main] INFO  - 
  _____   ___   ___   _____     ___     _     ___   ___   ___   ___  
 |_   _| | __| / __| |_   _|   | _ \   /_\   / __| / __| | __| |   \ 
   | |   | _|  \__ \   | |     |  _/  / _ \  \__ \ \__ \ | _|  | |) |
   |_|   |___| |___/   |_|     |_|   /_/ \_\ |___/ |___/ |___| |___/ 

As a user i have to able to navigate to work page
----------------------------------------------------------------------
]]></system-out>
  </testcase>
  <testcase name="As a user i have to able to navigate to credit page" classname="ButtonIconSepulsa" time="0.03">
    <system-out><![CDATA[00:12:18.835 [main] INFO io.cucumber.core.plugin.SerenityReporter - Running feature from file:///D:/MBKM/Materi/BehaviourDrivenDevelopment/src/test/resources/features/ButtonIconSepulsa.feature
00:12:18.839 [main] DEBUG net.thucydides.core.steps.StepEventBus - Test suite started for story net.thucydides.core.model.Story@ccd861a8
00:12:18.840 [main] INFO  - Test Suite Started: Button icon sepulsa

Scenario: As a user i have to able to navigate to credit page &amp#27;[90m# src/test/resources/features/ButtonIconSepulsa.feature:7&amp#27;[0m
00:12:18.847 [main] INFO io.cucumber.core.plugin.SerenityReporter - Running feature from file:///D:/MBKM/Materi/BehaviourDrivenDevelopment/src/test/resources/features/ButtonIconSepulsa.feature
00:12:18.849 [main] INFO  - 
  _____   ___   ___   _____     ___   _____     _     ___   _____   ___   ___  
 |_   _| | __| / __| |_   _|   / __| |_   _|   /_\   | _ \ |_   _| | __| |   \ 
   | |   | _|  \__ \   | |     \__ \   | |    / _ \  |   /   | |   | _|  | |) |
   |_|   |___| |___/   |_|     |___/   |_|   /_/ \_\ |_|_\   |_|   |___| |___/ 

As a user i have to able to navigate to credit page(buttoniconsepulsa;as-a-user-i-have-to-able-to-navigate-to-credit-page)
--------------------------------------------------------------------------------
00:12:18.859 [main] DEBUG net.thucydides.core.steps.StepInterceptor - STARTING STEP: ButtonIconSepulsaAndLinkedinSteps.clickButtonCredit - I click icon button credit
I click icon button credit
00:12:18.860 [main] DEBUG net.thucydides.core.steps.StepInterceptor - STEP DONE: I click icon button credit
  &amp#27;[32mWhen &amp#27;[0m&amp#27;[32mI click icon button credit&amp#27;[0m                             &amp#27;[90m# starter.stepdefinitions.ButtonIconSepulsaAndLinkedinSteps.clickButtonCredit()&amp#27;[0m
00:12:18.867 [main] DEBUG net.thucydides.core.steps.StepInterceptor - STARTING STEP: ButtonIconSepulsaAndLinkedinSteps.navigateCreditPage - I am to navigate credit page
I am to navigate credit page
00:12:18.867 [main] DEBUG net.thucydides.core.steps.StepInterceptor - STEP DONE: I am to navigate credit page
  &amp#27;[32mThen &amp#27;[0m&amp#27;[32mI am to navigate credit page&amp#27;[0m                           &amp#27;[90m# starter.stepdefinitions.ButtonIconSepulsaAndLinkedinSteps.navigateCreditPage()&amp#27;[0m
00:12:18.870 [main] INFO  - 
  _____   ___   ___   _____     ___     _     ___   ___   ___   ___  
 |_   _| | __| / __| |_   _|   | _ \   /_\   / __| / __| | __| |   \ 
   | |   | _|  \__ \   | |     |  _/  / _ \  \__ \ \__ \ | _|  | |) |
   |_|   |___| |___/   |_|     |_|   /_/ \_\ |___/ |___/ |___| |___/ 

As a user i have to able to navigate to credit page
----------------------------------------------------------------------
]]></system-out>
  </testcase>
  <testcase name="As a user i have to able to navigate to voucher page" classname="ButtonIconSepulsa" time="0.036">
    <system-out><![CDATA[
Scenario: As a user i have to able to navigate to voucher page &amp#27;[90m# src/test/resources/features/ButtonIconSepulsa.feature:11&amp#27;[0m
00:12:18.876 [main] INFO io.cucumber.core.plugin.SerenityReporter - Running feature from file:///D:/MBKM/Materi/BehaviourDrivenDevelopment/src/test/resources/features/ButtonIconSepulsa.feature
00:12:18.879 [main] INFO  - 
  _____   ___   ___   _____     ___   _____     _     ___   _____   ___   ___  
 |_   _| | __| / __| |_   _|   / __| |_   _|   /_\   | _ \ |_   _| | __| |   \ 
   | |   | _|  \__ \   | |     \__ \   | |    / _ \  |   /   | |   | _|  | |) |
   |_|   |___| |___/   |_|     |___/   |_|   /_/ \_\ |_|_\   |_|   |___| |___/ 

As a user i have to able to navigate to voucher page(buttoniconsepulsa;as-a-user-i-have-to-able-to-navigate-to-voucher-page)
--------------------------------------------------------------------------------
00:12:18.895 [main] DEBUG net.thucydides.core.steps.StepInterceptor - STARTING STEP: ButtonIconSepulsaAndLinkedinSteps.clickButtonVoucher - I click icon button voucher
I click icon button voucher
00:12:18.896 [main] DEBUG net.thucydides.core.steps.StepInterceptor - STEP DONE: I click icon button voucher
  &amp#27;[32mWhen &amp#27;[0m&amp#27;[32mI click icon button voucher&amp#27;[0m                             &amp#27;[90m# starter.stepdefinitions.ButtonIconSepulsaAndLinkedinSteps.clickButtonVoucher()&amp#27;[0m
00:12:18.900 [main] DEBUG net.thucydides.core.steps.StepInterceptor - STARTING STEP: ButtonIconSepulsaAndLinkedinSteps.navigateVoucherPage - I am to navigate voucher page
I am to navigate voucher page
00:12:18.901 [main] DEBUG net.thucydides.core.steps.StepInterceptor - STEP DONE: I am to navigate voucher page
  &amp#27;[32mThen &amp#27;[0m&amp#27;[32mI am to navigate voucher page&amp#27;[0m                           &amp#27;[90m# starter.stepdefinitions.ButtonIconSepulsaAndLinkedinSteps.navigateVoucherPage()&amp#27;[0m
00:12:18.906 [main] INFO  - 
  _____   ___   ___   _____     ___     _     ___   ___   ___   ___  
 |_   _| | __| / __| |_   _|   | _ \   /_\   / __| / __| | __| |   \ 
   | |   | _|  \__ \   | |     |  _/  / _ \  \__ \ \__ \ | _|  | |) |
   |_|   |___| |___/   |_|     |_|   /_/ \_\ |___/ |___/ |___| |___/ 

As a user i have to able to navigate to voucher page
----------------------------------------------------------------------
]]></system-out>
  </testcase>
  <testcase name="As a user i have to able to navigate to PLN electricity page" classname="ButtonIconSepulsa" time="0.028">
    <system-out><![CDATA[
Scenario: As a user i have to able to navigate to PLN electricity page &amp#27;[90m# src/test/resources/features/ButtonIconSepulsa.feature:15&amp#27;[0m
00:12:18.913 [main] INFO io.cucumber.core.plugin.SerenityReporter - Running feature from file:///D:/MBKM/Materi/BehaviourDrivenDevelopment/src/test/resources/features/ButtonIconSepulsa.feature
00:12:18.916 [main] INFO  - 
  _____   ___   ___   _____     ___   _____     _     ___   _____   ___   ___  
 |_   _| | __| / __| |_   _|   / __| |_   _|   /_\   | _ \ |_   _| | __| |   \ 
   | |   | _|  \__ \   | |     \__ \   | |    / _ \  |   /   | |   | _|  | |) |
   |_|   |___| |___/   |_|     |___/   |_|   /_/ \_\ |_|_\   |_|   |___| |___/ 

As a user i have to able to navigate to PLN electricity page(buttoniconsepulsa;as-a-user-i-have-to-able-to-navigate-to-pln-electricity-page)
--------------------------------------------------------------------------------
00:12:18.927 [main] DEBUG net.thucydides.core.steps.StepInterceptor - STARTING STEP: ButtonIconSepulsaAndLinkedinSteps.clickButtonPLNelectricity - I click icon button PLN electricity
I click icon button PLN electricity
00:12:18.927 [main] DEBUG net.thucydides.core.steps.StepInterceptor - STEP DONE: I click icon button PLN electricity
  &amp#27;[32mWhen &amp#27;[0m&amp#27;[32mI click icon button PLN electricity&amp#27;[0m                             &amp#27;[90m# starter.stepdefinitions.ButtonIconSepulsaAndLinkedinSteps.clickButtonPLNelectricity()&amp#27;[0m
00:12:18.931 [main] DEBUG net.thucydides.core.steps.StepInterceptor - STARTING STEP: ButtonIconSepulsaAndLinkedinSteps.navigatePLNPage - I am to navigate PLN electricity page
I am to navigate PLN electricity page
00:12:18.931 [main] DEBUG net.thucydides.core.steps.StepInterceptor - STEP DONE: I am to navigate PLN electricity page
  &amp#27;[32mThen &amp#27;[0m&amp#27;[32mI am to navigate PLN electricity page&amp#27;[0m                           &amp#27;[90m# starter.stepdefinitions.ButtonIconSepulsaAndLinkedinSteps.navigatePLNPage()&amp#27;[0m
00:12:18.934 [main] INFO  - 
  _____   ___   ___   _____     ___     _     ___   ___   ___   ___  
 |_   _| | __| / __| |_   _|   | _ \   /_\   / __| / __| | __| |   \ 
   | |   | _|  \__ \   | |     |  _/  / _ \  \__ \ \__ \ | _|  | |) |
   |_|   |___| |___/   |_|     |_|   /_/ \_\ |___/ |___/ |___| |___/ 

As a user i have to able to navigate to PLN electricity page
----------------------------------------------------------------------
]]></system-out>
  </testcase>
  <testcase name="As a user i have to able to navigate to  data package page" classname="ButtonIconSepulsa" time="0.032">
    <system-out><![CDATA[
Scenario: As a user i have to able to navigate to  data package page &amp#27;[90m# src/test/resources/features/ButtonIconSepulsa.feature:19&amp#27;[0m
00:12:18.941 [main] INFO io.cucumber.core.plugin.SerenityReporter - Running feature from file:///D:/MBKM/Materi/BehaviourDrivenDevelopment/src/test/resources/features/ButtonIconSepulsa.feature
00:12:18.946 [main] INFO  - 
  _____   ___   ___   _____     ___   _____     _     ___   _____   ___   ___  
 |_   _| | __| / __| |_   _|   / __| |_   _|   /_\   | _ \ |_   _| | __| |   \ 
   | |   | _|  \__ \   | |     \__ \   | |    / _ \  |   /   | |   | _|  | |) |
   |_|   |___| |___/   |_|     |___/   |_|   /_/ \_\ |_|_\   |_|   |___| |___/ 

As a user i have to able to navigate to  data package page(buttoniconsepulsa;as-a-user-i-have-to-able-to-navigate-to--data-package-page)
--------------------------------------------------------------------------------
00:12:18.959 [main] DEBUG net.thucydides.core.steps.StepInterceptor - STARTING STEP: ButtonIconSepulsaAndLinkedinSteps.clickButtondatapackage - I click icon button data package
I click icon button data package
00:12:18.960 [main] DEBUG net.thucydides.core.steps.StepInterceptor - STEP DONE: I click icon button data package
  &amp#27;[32mWhen &amp#27;[0m&amp#27;[32mI click icon button data package&amp#27;[0m                              &amp#27;[90m# starter.stepdefinitions.ButtonIconSepulsaAndLinkedinSteps.clickButtondatapackage()&amp#27;[0m
00:12:18.964 [main] DEBUG net.thucydides.core.steps.StepInterceptor - STARTING STEP: ButtonIconSepulsaAndLinkedinSteps.navigateDataPage - I am to navigate data package page
I am to navigate data package page
00:12:18.965 [main] DEBUG net.thucydides.core.steps.StepInterceptor - STEP DONE: I am to navigate data package page
  &amp#27;[32mThen &amp#27;[0m&amp#27;[32mI am to navigate data package page&amp#27;[0m                            &amp#27;[90m# starter.stepdefinitions.ButtonIconSepulsaAndLinkedinSteps.navigateDataPage()&amp#27;[0m
00:12:18.968 [main] INFO  - 
  _____   ___   ___   _____     ___     _     ___   ___   ___   ___  
 |_   _| | __| / __| |_   _|   | _ \   /_\   / __| / __| | __| |   \ 
   | |   | _|  \__ \   | |     |  _/  / _ \  \__ \ \__ \ | _|  | |) |
   |_|   |___| |___/   |_|     |_|   /_/ \_\ |___/ |___/ |___| |___/ 

As a user i have to able to navigate to  data package page
----------------------------------------------------------------------
]]></system-out>
  </testcase>
  <testcase name="As a user i have to able to navigate to PDAM page" classname="ButtonIconSepulsa" time="0.03">
    <system-out><![CDATA[
Scenario: As a user i have to able to navigate to PDAM page &amp#27;[90m# src/test/resources/features/ButtonIconSepulsa.feature:23&amp#27;[0m
00:12:18.975 [main] INFO io.cucumber.core.plugin.SerenityReporter - Running feature from file:///D:/MBKM/Materi/BehaviourDrivenDevelopment/src/test/resources/features/ButtonIconSepulsa.feature
00:12:18.978 [main] INFO  - 
  _____   ___   ___   _____     ___   _____     _     ___   _____   ___   ___  
 |_   _| | __| / __| |_   _|   / __| |_   _|   /_\   | _ \ |_   _| | __| |   \ 
   | |   | _|  \__ \   | |     \__ \   | |    / _ \  |   /   | |   | _|  | |) |
   |_|   |___| |___/   |_|     |___/   |_|   /_/ \_\ |_|_\   |_|   |___| |___/ 

As a user i have to able to navigate to PDAM page(buttoniconsepulsa;as-a-user-i-have-to-able-to-navigate-to-pdam-page)
--------------------------------------------------------------------------------
00:12:18.990 [main] DEBUG net.thucydides.core.steps.StepInterceptor - STARTING STEP: ButtonIconSepulsaAndLinkedinSteps.clickButtonPDAM - I click icon button PDAM
I click icon button PDAM
00:12:18.991 [main] DEBUG net.thucydides.core.steps.StepInterceptor - STEP DONE: I click icon button PDAM
  &amp#27;[32mWhen &amp#27;[0m&amp#27;[32mI click icon button PDAM&amp#27;[0m                             &amp#27;[90m# starter.stepdefinitions.ButtonIconSepulsaAndLinkedinSteps.clickButtonPDAM()&amp#27;[0m
00:12:18.995 [main] DEBUG net.thucydides.core.steps.StepInterceptor - STARTING STEP: ButtonIconSepulsaAndLinkedinSteps.navigatePDAMPage - I am to navigate data PDAM
I am to navigate PDAM page
00:12:18.995 [main] DEBUG net.thucydides.core.steps.StepInterceptor - STEP DONE: I am to navigate data PDAM
  &amp#27;[32mThen &amp#27;[0m&amp#27;[32mI am to navigate PDAM page&amp#27;[0m                           &amp#27;[90m# starter.stepdefinitions.ButtonIconSepulsaAndLinkedinSteps.navigatePDAMPage()&amp#27;[0m
00:12:18.999 [main] INFO  - 
  _____   ___   ___   _____     ___     _     ___   ___   ___   ___  
 |_   _| | __| / __| |_   _|   | _ \   /_\   / __| / __| | __| |   \ 
   | |   | _|  \__ \   | |     |  _/  / _ \  \__ \ \__ \ | _|  | |) |
   |_|   |___| |___/   |_|     |_|   /_/ \_\ |___/ |___/ |___| |___/ 

As a user i have to able to navigate to PDAM page
----------------------------------------------------------------------
]]></system-out>
  </testcase>
  <testcase name="As a user i have to able to navigate to  Electronic Money page" classname="ButtonIconSepulsa" time="0.02">
    <system-out><![CDATA[
Scenario: As a user i have to able to navigate to  Electronic Money page &amp#27;[90m# src/test/resources/features/ButtonIconSepulsa.feature:27&amp#27;[0m
00:12:19.004 [main] INFO io.cucumber.core.plugin.SerenityReporter - Running feature from file:///D:/MBKM/Materi/BehaviourDrivenDevelopment/src/test/resources/features/ButtonIconSepulsa.feature
00:12:19.005 [main] INFO  - 
  _____   ___   ___   _____     ___   _____     _     ___   _____   ___   ___  
 |_   _| | __| / __| |_   _|   / __| |_   _|   /_\   | _ \ |_   _| | __| |   \ 
   | |   | _|  \__ \   | |     \__ \   | |    / _ \  |   /   | |   | _|  | |) |
   |_|   |___| |___/   |_|     |___/   |_|   /_/ \_\ |_|_\   |_|   |___| |___/ 

As a user i have to able to navigate to  Electronic Money page(buttoniconsepulsa;as-a-user-i-have-to-able-to-navigate-to--electronic-money-page)
--------------------------------------------------------------------------------
00:12:19.014 [main] DEBUG net.thucydides.core.steps.StepInterceptor - STARTING STEP: ButtonIconSepulsaAndLinkedinSteps.clickButtonElectronicMoney - I click icon button Electronic Money
I click icon button Electronic Money
00:12:19.014 [main] DEBUG net.thucydides.core.steps.StepInterceptor - STEP DONE: I click icon button Electronic Money
  &amp#27;[32mWhen &amp#27;[0m&amp#27;[32mI click icon button Electronic Money&amp#27;[0m                              &amp#27;[90m# starter.stepdefinitions.ButtonIconSepulsaAndLinkedinSteps.clickButtonElectronicMoney()&amp#27;[0m
00:12:19.017 [main] DEBUG net.thucydides.core.steps.StepInterceptor - STARTING STEP: ButtonIconSepulsaAndLinkedinSteps.navigateElectronicMoneyPage - I am to navigate Electronic Money page
I am to navigate Electronic Money page
00:12:19.018 [main] DEBUG net.thucydides.core.steps.StepInterceptor - STEP DONE: I am to navigate Electronic Money page
  &amp#27;[32mThen &amp#27;[0m&amp#27;[32mI am to navigate Electronic Money page&amp#27;[0m                            &amp#27;[90m# starter.stepdefinitions.ButtonIconSepulsaAndLinkedinSteps.navigateElectronicMoneyPage()&amp#27;[0m
00:12:19.019 [main] INFO  - 
  _____   ___   ___   _____     ___     _     ___   ___   ___   ___  
 |_   _| | __| / __| |_   _|   | _ \   /_\   / __| / __| | __| |   \ 
   | |   | _|  \__ \   | |     |  _/  / _ \  \__ \ \__ \ | _|  | |) |
   |_|   |___| |___/   |_|     |_|   /_/ \_\ |___/ |___/ |___| |___/ 

As a user i have to able to navigate to  Electronic Money page
----------------------------------------------------------------------
]]></system-out>
  </testcase>
  <testcase name="As a user i have to able to navigate to other page" classname="ButtonIconSepulsa" time="0.021">
    <system-out><![CDATA[
Scenario: As a user i have to able to navigate to other page &amp#27;[90m# src/test/resources/features/ButtonIconSepulsa.feature:31&amp#27;[0m
00:12:19.025 [main] INFO io.cucumber.core.plugin.SerenityReporter - Running feature from file:///D:/MBKM/Materi/BehaviourDrivenDevelopment/src/test/resources/features/ButtonIconSepulsa.feature
00:12:19.029 [main] INFO  - 
  _____   ___   ___   _____     ___   _____     _     ___   _____   ___   ___  
 |_   _| | __| / __| |_   _|   / __| |_   _|   /_\   | _ \ |_   _| | __| |   \ 
   | |   | _|  \__ \   | |     \__ \   | |    / _ \  |   /   | |   | _|  | |) |
   |_|   |___| |___/   |_|     |___/   |_|   /_/ \_\ |_|_\   |_|   |___| |___/ 

As a user i have to able to navigate to other page(buttoniconsepulsa;as-a-user-i-have-to-able-to-navigate-to-other-page)
--------------------------------------------------------------------------------
00:12:19.035 [main] DEBUG net.thucydides.core.steps.StepInterceptor - STARTING STEP: ButtonIconSepulsaAndLinkedinSteps.clickButtonother - I click icon button other
I click icon button other
00:12:19.035 [main] DEBUG net.thucydides.core.steps.StepInterceptor - STEP DONE: I click icon button other
  &amp#27;[32mWhen &amp#27;[0m&amp#27;[32mI click icon button other&amp#27;[0m                             &amp#27;[90m# starter.stepdefinitions.ButtonIconSepulsaAndLinkedinSteps.clickButtonother()&amp#27;[0m
00:12:19.038 [main] DEBUG net.thucydides.core.steps.StepInterceptor - STARTING STEP: ButtonIconSepulsaAndLinkedinSteps.navigateotherPage - I am to navigate other page
I am to navigate other page
00:12:19.038 [main] DEBUG net.thucydides.core.steps.StepInterceptor - STEP DONE: I am to navigate other page
  &amp#27;[32mThen &amp#27;[0m&amp#27;[32mI am to navigate other page&amp#27;[0m                           &amp#27;[90m# starter.stepdefinitions.ButtonIconSepulsaAndLinkedinSteps.navigateotherPage()&amp#27;[0m
00:12:19.040 [main] INFO  - 
  _____   ___   ___   _____     ___     _     ___   ___   ___   ___  
 |_   _| | __| / __| |_   _|   | _ \   /_\   / __| / __| | __| |   \ 
   | |   | _|  \__ \   | |     |  _/  / _ \  \__ \ \__ \ | _|  | |) |
   |_|   |___| |___/   |_|     |_|   /_/ \_\ |___/ |___/ |___| |___/ 

As a user i have to able to navigate to other page
----------------------------------------------------------------------
]]></system-out>
  </testcase>
  <testcase name="As a user I have to be able to successfully log in with a Google account" classname="Loginlinkedin" time="0.033">
    <system-out><![CDATA[00:12:19.041 [main] INFO io.cucumber.core.plugin.SerenityReporter - Running feature from file:///D:/MBKM/Materi/BehaviourDrivenDevelopment/src/test/resources/features/LoginLinkedin.feature
00:12:19.042 [main] DEBUG net.thucydides.core.steps.StepEventBus - Test suite started for story net.thucydides.core.model.Story@c510b4e8
00:12:19.043 [main] INFO  - Test Suite Started: Loginlinkedin

Scenario: As a user I have to be able to successfully log in with a Google account &amp#27;[90m# src/test/resources/features/LoginLinkedin.feature:7&amp#27;[0m
00:12:19.050 [main] INFO io.cucumber.core.plugin.SerenityReporter - Running feature from file:///D:/MBKM/Materi/BehaviourDrivenDevelopment/src/test/resources/features/LoginLinkedin.feature
00:12:19.053 [main] INFO  - 
  _____   ___   ___   _____     ___   _____     _     ___   _____   ___   ___  
 |_   _| | __| / __| |_   _|   / __| |_   _|   /_\   | _ \ |_   _| | __| |   \ 
   | |   | _|  \__ \   | |     \__ \   | |    / _ \  |   /   | |   | _|  | |) |
   |_|   |___| |___/   |_|     |___/   |_|   /_/ \_\ |_|_\   |_|   |___| |___/ 

As a user I have to be able to successfully log in with a Google account(loginlinkedin;as-a-user-i-have-to-be-able-to-successfully-log-in-with-a-google-account)
--------------------------------------------------------------------------------
00:12:19.069 [main] DEBUG net.thucydides.core.steps.StepInterceptor - STARTING STEP: LoginSteps.loginGoogleaccountcorrect - I log in using the correct Google account
I log in using the correct Google account
00:12:19.069 [main] DEBUG net.thucydides.core.steps.StepInterceptor - STEP DONE: I log in using the correct Google account
  &amp#27;[32mWhen &amp#27;[0m&amp#27;[32mI log in using the correct Google account&amp#27;[0m                                   &amp#27;[90m# starter.stepdefinitions.LoginSteps.loginGoogleaccountcorrect()&amp#27;[0m
00:12:19.073 [main] DEBUG net.thucydides.core.steps.StepInterceptor - STARTING STEP: LoginSteps.onTheHomePage - I am on the home page
I am on the home page
00:12:19.073 [main] DEBUG net.thucydides.core.steps.StepInterceptor - STEP DONE: I am on the home page
  &amp#27;[32mThen &amp#27;[0m&amp#27;[32mI am on the home page&amp#27;[0m                                                       &amp#27;[90m# starter.stepdefinitions.LoginSteps.onTheHomePage()&amp#27;[0m
00:12:19.075 [main] INFO  - 
  _____   ___   ___   _____     ___     _     ___   ___   ___   ___  
 |_   _| | __| / __| |_   _|   | _ \   /_\   / __| / __| | __| |   \ 
   | |   | _|  \__ \   | |     |  _/  / _ \  \__ \ \__ \ | _|  | |) |
   |_|   |___| |___/   |_|     |_|   /_/ \_\ |___/ |___/ |___| |___/ 

As a user I have to be able to successfully log in with a Google account
----------------------------------------------------------------------
]]></system-out>
  </testcase>
  <testcase name="As a user I have to be to failed login" classname="Loginlinkedin" time="0.024">
    <system-out><![CDATA[
Scenario: As a user I have to be to failed login                &amp#27;[90m# src/test/resources/features/LoginLinkedin.feature:11&amp#27;[0m
00:12:19.082 [main] INFO io.cucumber.core.plugin.SerenityReporter - Running feature from file:///D:/MBKM/Materi/BehaviourDrivenDevelopment/src/test/resources/features/LoginLinkedin.feature
00:12:19.084 [main] INFO  - 
  _____   ___   ___   _____     ___   _____     _     ___   _____   ___   ___  
 |_   _| | __| / __| |_   _|   / __| |_   _|   /_\   | _ \ |_   _| | __| |   \ 
   | |   | _|  \__ \   | |     \__ \   | |    / _ \  |   /   | |   | _|  | |) |
   |_|   |___| |___/   |_|     |___/   |_|   /_/ \_\ |_|_\   |_|   |___| |___/ 

As a user I have to be to failed login(loginlinkedin;as-a-user-i-have-to-be-to-failed-login)
--------------------------------------------------------------------------------
00:12:19.091 [main] DEBUG net.thucydides.core.steps.StepInterceptor - STARTING STEP: LoginSteps.InputInvalidUserAndPassword - I input invalid my username and password
I input invalid my username and password
00:12:19.091 [main] DEBUG net.thucydides.core.steps.StepInterceptor - STEP DONE: I input invalid my username and password
  &amp#27;[32mWhen &amp#27;[0m&amp#27;[32mI input invalid my username and password&amp#27;[0m                 &amp#27;[90m# starter.stepdefinitions.LoginSteps.InputInvalidUserAndPassword()&amp#27;[0m
00:12:19.094 [main] DEBUG net.thucydides.core.steps.StepInterceptor - STARTING STEP: LoginSteps.clickLoginButton - I click login button
I click login button
00:12:19.094 [main] DEBUG net.thucydides.core.steps.StepInterceptor - STEP DONE: I click login button
  &amp#27;[32mAnd &amp#27;[0m&amp#27;[32mI click login button&amp#27;[0m                                      &amp#27;[90m# starter.stepdefinitions.LoginSteps.clickLoginButton()&amp#27;[0m
00:12:19.097 [main] DEBUG net.thucydides.core.steps.StepInterceptor - STARTING STEP: LoginSteps.emailorpasswordiswrong - I get a notification that the email or password is wrong
I get a notification that the email or password is wrong
00:12:19.097 [main] DEBUG net.thucydides.core.steps.StepInterceptor - STEP DONE: I get a notification that the email or password is wrong
  &amp#27;[32mThen &amp#27;[0m&amp#27;[32mI get a notification that the email or password is wrong&amp#27;[0m &amp#27;[90m# starter.stepdefinitions.LoginSteps.emailorpasswordiswrong()&amp#27;[0m
00:12:19.099 [main] INFO  - 
  _____   ___   ___   _____     ___     _     ___   ___   ___   ___  
 |_   _| | __| / __| |_   _|   | _ \   /_\   / __| / __| | __| |   \ 
   | |   | _|  \__ \   | |     |  _/  / _ \  \__ \ \__ \ | _|  | |) |
   |_|   |___| |___/   |_|     |_|   /_/ \_\ |___/ |___/ |___| |___/ 

As a user I have to be to failed login
----------------------------------------------------------------------
]]></system-out>
  </testcase>
</testsuite>